2025-01-09 13:06:16,894 - __main__ - INFO - Lock-файл создан
2025-01-09 13:06:16,895 - __main__ - INFO - Обработчики команд успешно зарегистрированы
2025-01-09 13:06:16,895 - __main__ - INFO - Бот успешно запущен и готов к работе!
2025-01-09 13:06:16,896 - __main__ - INFO - Очищено 0 старых сессий
2025-01-09 13:06:32,092 - handlers.compatibility - INFO - Начата проверка совместимости для пользователя: 952754820
2025-01-09 13:06:40,207 - handlers.compatibility - INFO - Дата рождения пользователя 952754820 подтверждена: 1987-02-26 00:00:00
2025-01-09 13:06:46,306 - handlers.compatibility - INFO - Compatibility calculated for user 952754820: 86.2%
2025-01-09 13:06:46,373 - handlers.compatibility - INFO - Results sent to user 952754820
2025-01-09 13:49:58,658 - TeleBot - ERROR - Infinity polling exception: HTTPSConnectionPool(host='api.telegram.org', port=443): Read timed out. (read timeout=60)
2025-01-09 13:49:58,676 - TeleBot - ERROR - Exception traceback:
Traceback (most recent call last):
  File "C:\Users\user\AppData\Local\Programs\Python\Python313\Lib\site-packages\urllib3\connectionpool.py", line 536, in _make_request
    response = conn.getresponse()
  File "C:\Users\user\AppData\Local\Programs\Python\Python313\Lib\site-packages\urllib3\connection.py", line 507, in getresponse
    httplib_response = super().getresponse()
  File "C:\Users\user\AppData\Local\Programs\Python\Python313\Lib\http\client.py", line 1428, in getresponse
    response.begin()
    ~~~~~~~~~~~~~~^^
  File "C:\Users\user\AppData\Local\Programs\Python\Python313\Lib\http\client.py", line 331, in begin
    version, status, reason = self._read_status()
                              ~~~~~~~~~~~~~~~~~^^
  File "C:\Users\user\AppData\Local\Programs\Python\Python313\Lib\http\client.py", line 292, in _read_status
    line = str(self.fp.readline(_MAXLINE + 1), "iso-8859-1")
               ~~~~~~~~~~~~~~~~^^^^^^^^^^^^^^
  File "C:\Users\user\AppData\Local\Programs\Python\Python313\Lib\socket.py", line 719, in readinto
    return self._sock.recv_into(b)
           ~~~~~~~~~~~~~~~~~~~~^^^
  File "C:\Users\user\AppData\Local\Programs\Python\Python313\Lib\ssl.py", line 1304, in recv_into
    return self.read(nbytes, buffer)
           ~~~~~~~~~^^^^^^^^^^^^^^^^
  File "C:\Users\user\AppData\Local\Programs\Python\Python313\Lib\ssl.py", line 1138, in read
    return self._sslobj.read(len, buffer)
           ~~~~~~~~~~~~~~~~~^^^^^^^^^^^^^
TimeoutError: The read operation timed out

The above exception was the direct cause of the following exception:

Traceback (most recent call last):
  File "C:\Users\user\AppData\Local\Programs\Python\Python313\Lib\site-packages\requests\adapters.py", line 667, in send
    resp = conn.urlopen(
        method=request.method,
    ...<9 lines>...
        chunked=chunked,
    )
  File "C:\Users\user\AppData\Local\Programs\Python\Python313\Lib\site-packages\urllib3\connectionpool.py", line 843, in urlopen
    retries = retries.increment(
        method, url, error=new_e, _pool=self, _stacktrace=sys.exc_info()[2]
    )
  File "C:\Users\user\AppData\Local\Programs\Python\Python313\Lib\site-packages\urllib3\util\retry.py", line 474, in increment
    raise reraise(type(error), error, _stacktrace)
          ~~~~~~~^^^^^^^^^^^^^^^^^^^^^^^^^^^^^^^^^
  File "C:\Users\user\AppData\Local\Programs\Python\Python313\Lib\site-packages\urllib3\util\util.py", line 39, in reraise
    raise value
  File "C:\Users\user\AppData\Local\Programs\Python\Python313\Lib\site-packages\urllib3\connectionpool.py", line 789, in urlopen
    response = self._make_request(
        conn,
    ...<10 lines>...
        **response_kw,
    )
  File "C:\Users\user\AppData\Local\Programs\Python\Python313\Lib\site-packages\urllib3\connectionpool.py", line 538, in _make_request
    self._raise_timeout(err=e, url=url, timeout_value=read_timeout)
    ~~~~~~~~~~~~~~~~~~~^^^^^^^^^^^^^^^^^^^^^^^^^^^^^^^^^^^^^^^^^^^^
  File "C:\Users\user\AppData\Local\Programs\Python\Python313\Lib\site-packages\urllib3\connectionpool.py", line 369, in _raise_timeout
    raise ReadTimeoutError(
        self, url, f"Read timed out. (read timeout={timeout_value})"
    ) from err
urllib3.exceptions.ReadTimeoutError: HTTPSConnectionPool(host='api.telegram.org', port=443): Read timed out. (read timeout=60)

During handling of the above exception, another exception occurred:

Traceback (most recent call last):
  File "C:\Users\user\AppData\Local\Programs\Python\Python313\Lib\site-packages\telebot\__init__.py", line 1110, in infinity_polling
    self.polling(non_stop=True, timeout=timeout, long_polling_timeout=long_polling_timeout,
    ~~~~~~~~~~~~^^^^^^^^^^^^^^^^^^^^^^^^^^^^^^^^^^^^^^^^^^^^^^^^^^^^^^^^^^^^^^^^^^^^^^^^^^^
                 logger_level=logger_level, allowed_updates=allowed_updates, restart_on_change=False,
                 ^^^^^^^^^^^^^^^^^^^^^^^^^^^^^^^^^^^^^^^^^^^^^^^^^^^^^^^^^^^^^^^^^^^^^^^^^^^^^^^^^^^^
                 *args, **kwargs)
                 ^^^^^^^^^^^^^^^^
  File "C:\Users\user\AppData\Local\Programs\Python\Python313\Lib\site-packages\telebot\__init__.py", line 1198, in polling
    self.__threaded_polling(non_stop=non_stop, interval=interval, timeout=timeout, long_polling_timeout=long_polling_timeout,
    ~~~~~~~~~~~~~~~~~~~~~~~^^^^^^^^^^^^^^^^^^^^^^^^^^^^^^^^^^^^^^^^^^^^^^^^^^^^^^^^^^^^^^^^^^^^^^^^^^^^^^^^^^^^^^^^^^^^^^^^^^
                            logger_level=logger_level, allowed_updates=allowed_updates)
                            ^^^^^^^^^^^^^^^^^^^^^^^^^^^^^^^^^^^^^^^^^^^^^^^^^^^^^^^^^^^
  File "C:\Users\user\AppData\Local\Programs\Python\Python313\Lib\site-packages\telebot\__init__.py", line 1273, in __threaded_polling
    raise e
  File "C:\Users\user\AppData\Local\Programs\Python\Python313\Lib\site-packages\telebot\__init__.py", line 1234, in __threaded_polling
    polling_thread.raise_exceptions()
    ~~~~~~~~~~~~~~~~~~~~~~~~~~~~~~~^^
  File "C:\Users\user\AppData\Local\Programs\Python\Python313\Lib\site-packages\telebot\util.py", line 111, in raise_exceptions
    raise self.exception_info
  File "C:\Users\user\AppData\Local\Programs\Python\Python313\Lib\site-packages\telebot\util.py", line 93, in run
    task(*args, **kwargs)
    ~~~~^^^^^^^^^^^^^^^^^
  File "C:\Users\user\AppData\Local\Programs\Python\Python313\Lib\site-packages\telebot\__init__.py", line 688, in __retrieve_updates
    updates = self.get_updates(offset=(self.last_update_id + 1),
                               allowed_updates=allowed_updates,
                               timeout=timeout, long_polling_timeout=long_polling_timeout)
  File "C:\Users\user\AppData\Local\Programs\Python\Python313\Lib\site-packages\telebot\__init__.py", line 660, in get_updates
    json_updates = apihelper.get_updates(
        self.token, offset=offset, limit=limit, timeout=timeout, allowed_updates=allowed_updates,
        long_polling_timeout=long_polling_timeout)
  File "C:\Users\user\AppData\Local\Programs\Python\Python313\Lib\site-packages\telebot\apihelper.py", line 332, in get_updates
    return _make_request(token, method_url, params=payload)
  File "C:\Users\user\AppData\Local\Programs\Python\Python313\Lib\site-packages\telebot\apihelper.py", line 162, in _make_request
    result = _get_req_session().request(
        method, request_url, params=params, files=files,
        timeout=(connect_timeout, read_timeout), proxies=proxy)
  File "C:\Users\user\AppData\Local\Programs\Python\Python313\Lib\site-packages\requests\sessions.py", line 589, in request
    resp = self.send(prep, **send_kwargs)
  File "C:\Users\user\AppData\Local\Programs\Python\Python313\Lib\site-packages\requests\sessions.py", line 703, in send
    r = adapter.send(request, **kwargs)
  File "C:\Users\user\AppData\Local\Programs\Python\Python313\Lib\site-packages\requests\adapters.py", line 713, in send
    raise ReadTimeout(e, request=request)
requests.exceptions.ReadTimeout: HTTPSConnectionPool(host='api.telegram.org', port=443): Read timed out. (read timeout=60)

2025-01-09 13:57:46,762 - __main__ - ERROR - Бот уже запущен. Удалите 'bot.lock', если это не так.
2025-01-09 13:58:03,006 - __main__ - ERROR - Бот уже запущен. Удалите 'bot.lock', если это не так.
2025-01-09 13:58:13,474 - __main__ - INFO - Lock-файл создан
2025-01-09 13:58:13,475 - __main__ - INFO - Обработчики команд успешно зарегистрированы
2025-01-09 13:58:13,475 - __main__ - INFO - Бот успешно запущен и готов к работе!
2025-01-09 13:58:13,475 - __main__ - INFO - Очищено 0 старых сессий
2025-01-09 13:58:20,413 - handlers.compatibility - INFO - Начата проверка совместимости для пользователя: 952754820
2025-01-09 13:58:32,050 - handlers.compatibility - INFO - Дата рождения пользователя 952754820 подтверждена: 2012-12-12 00:00:00
2025-01-09 13:58:41,499 - handlers.compatibility - INFO - Compatibility calculated for user 952754820: 70.0%
2025-01-09 13:58:41,500 - handlers.compatibility - ERROR - Error in format_compatibility_result: name 'main_emoji' is not defined
2025-01-09 13:58:41,578 - handlers.compatibility - INFO - Results sent to user 952754820
2025-01-09 16:17:35,084 - TeleBot - ERROR - Infinity polling exception: HTTPSConnectionPool(host='api.telegram.org', port=443): Read timed out. (read timeout=60)
2025-01-09 16:17:35,100 - TeleBot - ERROR - Exception traceback:
Traceback (most recent call last):
  File "C:\Users\user\AppData\Local\Programs\Python\Python313\Lib\site-packages\urllib3\connectionpool.py", line 536, in _make_request
    response = conn.getresponse()
  File "C:\Users\user\AppData\Local\Programs\Python\Python313\Lib\site-packages\urllib3\connection.py", line 507, in getresponse
    httplib_response = super().getresponse()
  File "C:\Users\user\AppData\Local\Programs\Python\Python313\Lib\http\client.py", line 1428, in getresponse
    response.begin()
    ~~~~~~~~~~~~~~^^
  File "C:\Users\user\AppData\Local\Programs\Python\Python313\Lib\http\client.py", line 331, in begin
    version, status, reason = self._read_status()
                              ~~~~~~~~~~~~~~~~~^^
  File "C:\Users\user\AppData\Local\Programs\Python\Python313\Lib\http\client.py", line 292, in _read_status
    line = str(self.fp.readline(_MAXLINE + 1), "iso-8859-1")
               ~~~~~~~~~~~~~~~~^^^^^^^^^^^^^^
  File "C:\Users\user\AppData\Local\Programs\Python\Python313\Lib\socket.py", line 719, in readinto
    return self._sock.recv_into(b)
           ~~~~~~~~~~~~~~~~~~~~^^^
  File "C:\Users\user\AppData\Local\Programs\Python\Python313\Lib\ssl.py", line 1304, in recv_into
    return self.read(nbytes, buffer)
           ~~~~~~~~~^^^^^^^^^^^^^^^^
  File "C:\Users\user\AppData\Local\Programs\Python\Python313\Lib\ssl.py", line 1138, in read
    return self._sslobj.read(len, buffer)
           ~~~~~~~~~~~~~~~~~^^^^^^^^^^^^^
TimeoutError: The read operation timed out

The above exception was the direct cause of the following exception:

Traceback (most recent call last):
  File "C:\Users\user\AppData\Local\Programs\Python\Python313\Lib\site-packages\requests\adapters.py", line 667, in send
    resp = conn.urlopen(
        method=request.method,
    ...<9 lines>...
        chunked=chunked,
    )
  File "C:\Users\user\AppData\Local\Programs\Python\Python313\Lib\site-packages\urllib3\connectionpool.py", line 843, in urlopen
    retries = retries.increment(
        method, url, error=new_e, _pool=self, _stacktrace=sys.exc_info()[2]
    )
  File "C:\Users\user\AppData\Local\Programs\Python\Python313\Lib\site-packages\urllib3\util\retry.py", line 474, in increment
    raise reraise(type(error), error, _stacktrace)
          ~~~~~~~^^^^^^^^^^^^^^^^^^^^^^^^^^^^^^^^^
  File "C:\Users\user\AppData\Local\Programs\Python\Python313\Lib\site-packages\urllib3\util\util.py", line 39, in reraise
    raise value
  File "C:\Users\user\AppData\Local\Programs\Python\Python313\Lib\site-packages\urllib3\connectionpool.py", line 789, in urlopen
    response = self._make_request(
        conn,
    ...<10 lines>...
        **response_kw,
    )
  File "C:\Users\user\AppData\Local\Programs\Python\Python313\Lib\site-packages\urllib3\connectionpool.py", line 538, in _make_request
    self._raise_timeout(err=e, url=url, timeout_value=read_timeout)
    ~~~~~~~~~~~~~~~~~~~^^^^^^^^^^^^^^^^^^^^^^^^^^^^^^^^^^^^^^^^^^^^
  File "C:\Users\user\AppData\Local\Programs\Python\Python313\Lib\site-packages\urllib3\connectionpool.py", line 369, in _raise_timeout
    raise ReadTimeoutError(
        self, url, f"Read timed out. (read timeout={timeout_value})"
    ) from err
urllib3.exceptions.ReadTimeoutError: HTTPSConnectionPool(host='api.telegram.org', port=443): Read timed out. (read timeout=60)

During handling of the above exception, another exception occurred:

Traceback (most recent call last):
  File "C:\Users\user\AppData\Local\Programs\Python\Python313\Lib\site-packages\telebot\__init__.py", line 1110, in infinity_polling
    self.polling(non_stop=True, timeout=timeout, long_polling_timeout=long_polling_timeout,
    ~~~~~~~~~~~~^^^^^^^^^^^^^^^^^^^^^^^^^^^^^^^^^^^^^^^^^^^^^^^^^^^^^^^^^^^^^^^^^^^^^^^^^^^
                 logger_level=logger_level, allowed_updates=allowed_updates, restart_on_change=False,
                 ^^^^^^^^^^^^^^^^^^^^^^^^^^^^^^^^^^^^^^^^^^^^^^^^^^^^^^^^^^^^^^^^^^^^^^^^^^^^^^^^^^^^
                 *args, **kwargs)
                 ^^^^^^^^^^^^^^^^
  File "C:\Users\user\AppData\Local\Programs\Python\Python313\Lib\site-packages\telebot\__init__.py", line 1198, in polling
    self.__threaded_polling(non_stop=non_stop, interval=interval, timeout=timeout, long_polling_timeout=long_polling_timeout,
    ~~~~~~~~~~~~~~~~~~~~~~~^^^^^^^^^^^^^^^^^^^^^^^^^^^^^^^^^^^^^^^^^^^^^^^^^^^^^^^^^^^^^^^^^^^^^^^^^^^^^^^^^^^^^^^^^^^^^^^^^^
                            logger_level=logger_level, allowed_updates=allowed_updates)
                            ^^^^^^^^^^^^^^^^^^^^^^^^^^^^^^^^^^^^^^^^^^^^^^^^^^^^^^^^^^^
  File "C:\Users\user\AppData\Local\Programs\Python\Python313\Lib\site-packages\telebot\__init__.py", line 1273, in __threaded_polling
    raise e
  File "C:\Users\user\AppData\Local\Programs\Python\Python313\Lib\site-packages\telebot\__init__.py", line 1234, in __threaded_polling
    polling_thread.raise_exceptions()
    ~~~~~~~~~~~~~~~~~~~~~~~~~~~~~~~^^
  File "C:\Users\user\AppData\Local\Programs\Python\Python313\Lib\site-packages\telebot\util.py", line 111, in raise_exceptions
    raise self.exception_info
  File "C:\Users\user\AppData\Local\Programs\Python\Python313\Lib\site-packages\telebot\util.py", line 93, in run
    task(*args, **kwargs)
    ~~~~^^^^^^^^^^^^^^^^^
  File "C:\Users\user\AppData\Local\Programs\Python\Python313\Lib\site-packages\telebot\__init__.py", line 688, in __retrieve_updates
    updates = self.get_updates(offset=(self.last_update_id + 1),
                               allowed_updates=allowed_updates,
                               timeout=timeout, long_polling_timeout=long_polling_timeout)
  File "C:\Users\user\AppData\Local\Programs\Python\Python313\Lib\site-packages\telebot\__init__.py", line 660, in get_updates
    json_updates = apihelper.get_updates(
        self.token, offset=offset, limit=limit, timeout=timeout, allowed_updates=allowed_updates,
        long_polling_timeout=long_polling_timeout)
  File "C:\Users\user\AppData\Local\Programs\Python\Python313\Lib\site-packages\telebot\apihelper.py", line 332, in get_updates
    return _make_request(token, method_url, params=payload)
  File "C:\Users\user\AppData\Local\Programs\Python\Python313\Lib\site-packages\telebot\apihelper.py", line 162, in _make_request
    result = _get_req_session().request(
        method, request_url, params=params, files=files,
        timeout=(connect_timeout, read_timeout), proxies=proxy)
  File "C:\Users\user\AppData\Local\Programs\Python\Python313\Lib\site-packages\requests\sessions.py", line 589, in request
    resp = self.send(prep, **send_kwargs)
  File "C:\Users\user\AppData\Local\Programs\Python\Python313\Lib\site-packages\requests\sessions.py", line 703, in send
    r = adapter.send(request, **kwargs)
  File "C:\Users\user\AppData\Local\Programs\Python\Python313\Lib\site-packages\requests\adapters.py", line 713, in send
    raise ReadTimeout(e, request=request)
requests.exceptions.ReadTimeout: HTTPSConnectionPool(host='api.telegram.org', port=443): Read timed out. (read timeout=60)

2025-01-09 17:41:19,478 - TeleBot - ERROR - Infinity polling exception: HTTPSConnectionPool(host='api.telegram.org', port=443): Read timed out. (read timeout=60)
2025-01-09 17:41:19,586 - TeleBot - ERROR - Exception traceback:
Traceback (most recent call last):
  File "C:\Users\user\AppData\Local\Programs\Python\Python313\Lib\site-packages\urllib3\connectionpool.py", line 536, in _make_request
    response = conn.getresponse()
  File "C:\Users\user\AppData\Local\Programs\Python\Python313\Lib\site-packages\urllib3\connection.py", line 507, in getresponse
    httplib_response = super().getresponse()
  File "C:\Users\user\AppData\Local\Programs\Python\Python313\Lib\http\client.py", line 1428, in getresponse
    response.begin()
    ~~~~~~~~~~~~~~^^
  File "C:\Users\user\AppData\Local\Programs\Python\Python313\Lib\http\client.py", line 331, in begin
    version, status, reason = self._read_status()
                              ~~~~~~~~~~~~~~~~~^^
  File "C:\Users\user\AppData\Local\Programs\Python\Python313\Lib\http\client.py", line 292, in _read_status
    line = str(self.fp.readline(_MAXLINE + 1), "iso-8859-1")
               ~~~~~~~~~~~~~~~~^^^^^^^^^^^^^^
  File "C:\Users\user\AppData\Local\Programs\Python\Python313\Lib\socket.py", line 719, in readinto
    return self._sock.recv_into(b)
           ~~~~~~~~~~~~~~~~~~~~^^^
  File "C:\Users\user\AppData\Local\Programs\Python\Python313\Lib\ssl.py", line 1304, in recv_into
    return self.read(nbytes, buffer)
           ~~~~~~~~~^^^^^^^^^^^^^^^^
  File "C:\Users\user\AppData\Local\Programs\Python\Python313\Lib\ssl.py", line 1138, in read
    return self._sslobj.read(len, buffer)
           ~~~~~~~~~~~~~~~~~^^^^^^^^^^^^^
TimeoutError: The read operation timed out

The above exception was the direct cause of the following exception:

Traceback (most recent call last):
  File "C:\Users\user\AppData\Local\Programs\Python\Python313\Lib\site-packages\requests\adapters.py", line 667, in send
    resp = conn.urlopen(
        method=request.method,
    ...<9 lines>...
        chunked=chunked,
    )
  File "C:\Users\user\AppData\Local\Programs\Python\Python313\Lib\site-packages\urllib3\connectionpool.py", line 843, in urlopen
    retries = retries.increment(
        method, url, error=new_e, _pool=self, _stacktrace=sys.exc_info()[2]
    )
  File "C:\Users\user\AppData\Local\Programs\Python\Python313\Lib\site-packages\urllib3\util\retry.py", line 474, in increment
    raise reraise(type(error), error, _stacktrace)
          ~~~~~~~^^^^^^^^^^^^^^^^^^^^^^^^^^^^^^^^^
  File "C:\Users\user\AppData\Local\Programs\Python\Python313\Lib\site-packages\urllib3\util\util.py", line 39, in reraise
    raise value
  File "C:\Users\user\AppData\Local\Programs\Python\Python313\Lib\site-packages\urllib3\connectionpool.py", line 789, in urlopen
    response = self._make_request(
        conn,
    ...<10 lines>...
        **response_kw,
    )
  File "C:\Users\user\AppData\Local\Programs\Python\Python313\Lib\site-packages\urllib3\connectionpool.py", line 538, in _make_request
    self._raise_timeout(err=e, url=url, timeout_value=read_timeout)
    ~~~~~~~~~~~~~~~~~~~^^^^^^^^^^^^^^^^^^^^^^^^^^^^^^^^^^^^^^^^^^^^
  File "C:\Users\user\AppData\Local\Programs\Python\Python313\Lib\site-packages\urllib3\connectionpool.py", line 369, in _raise_timeout
    raise ReadTimeoutError(
        self, url, f"Read timed out. (read timeout={timeout_value})"
    ) from err
urllib3.exceptions.ReadTimeoutError: HTTPSConnectionPool(host='api.telegram.org', port=443): Read timed out. (read timeout=60)

During handling of the above exception, another exception occurred:

Traceback (most recent call last):
  File "C:\Users\user\AppData\Local\Programs\Python\Python313\Lib\site-packages\telebot\__init__.py", line 1110, in infinity_polling
    self.polling(non_stop=True, timeout=timeout, long_polling_timeout=long_polling_timeout,
    ~~~~~~~~~~~~^^^^^^^^^^^^^^^^^^^^^^^^^^^^^^^^^^^^^^^^^^^^^^^^^^^^^^^^^^^^^^^^^^^^^^^^^^^
                 logger_level=logger_level, allowed_updates=allowed_updates, restart_on_change=False,
                 ^^^^^^^^^^^^^^^^^^^^^^^^^^^^^^^^^^^^^^^^^^^^^^^^^^^^^^^^^^^^^^^^^^^^^^^^^^^^^^^^^^^^
                 *args, **kwargs)
                 ^^^^^^^^^^^^^^^^
  File "C:\Users\user\AppData\Local\Programs\Python\Python313\Lib\site-packages\telebot\__init__.py", line 1198, in polling
    self.__threaded_polling(non_stop=non_stop, interval=interval, timeout=timeout, long_polling_timeout=long_polling_timeout,
    ~~~~~~~~~~~~~~~~~~~~~~~^^^^^^^^^^^^^^^^^^^^^^^^^^^^^^^^^^^^^^^^^^^^^^^^^^^^^^^^^^^^^^^^^^^^^^^^^^^^^^^^^^^^^^^^^^^^^^^^^^
                            logger_level=logger_level, allowed_updates=allowed_updates)
                            ^^^^^^^^^^^^^^^^^^^^^^^^^^^^^^^^^^^^^^^^^^^^^^^^^^^^^^^^^^^
  File "C:\Users\user\AppData\Local\Programs\Python\Python313\Lib\site-packages\telebot\__init__.py", line 1273, in __threaded_polling
    raise e
  File "C:\Users\user\AppData\Local\Programs\Python\Python313\Lib\site-packages\telebot\__init__.py", line 1234, in __threaded_polling
    polling_thread.raise_exceptions()
    ~~~~~~~~~~~~~~~~~~~~~~~~~~~~~~~^^
  File "C:\Users\user\AppData\Local\Programs\Python\Python313\Lib\site-packages\telebot\util.py", line 111, in raise_exceptions
    raise self.exception_info
  File "C:\Users\user\AppData\Local\Programs\Python\Python313\Lib\site-packages\telebot\util.py", line 93, in run
    task(*args, **kwargs)
    ~~~~^^^^^^^^^^^^^^^^^
  File "C:\Users\user\AppData\Local\Programs\Python\Python313\Lib\site-packages\telebot\__init__.py", line 688, in __retrieve_updates
    updates = self.get_updates(offset=(self.last_update_id + 1),
                               allowed_updates=allowed_updates,
                               timeout=timeout, long_polling_timeout=long_polling_timeout)
  File "C:\Users\user\AppData\Local\Programs\Python\Python313\Lib\site-packages\telebot\__init__.py", line 660, in get_updates
    json_updates = apihelper.get_updates(
        self.token, offset=offset, limit=limit, timeout=timeout, allowed_updates=allowed_updates,
        long_polling_timeout=long_polling_timeout)
  File "C:\Users\user\AppData\Local\Programs\Python\Python313\Lib\site-packages\telebot\apihelper.py", line 332, in get_updates
    return _make_request(token, method_url, params=payload)
  File "C:\Users\user\AppData\Local\Programs\Python\Python313\Lib\site-packages\telebot\apihelper.py", line 162, in _make_request
    result = _get_req_session().request(
        method, request_url, params=params, files=files,
        timeout=(connect_timeout, read_timeout), proxies=proxy)
  File "C:\Users\user\AppData\Local\Programs\Python\Python313\Lib\site-packages\requests\sessions.py", line 589, in request
    resp = self.send(prep, **send_kwargs)
  File "C:\Users\user\AppData\Local\Programs\Python\Python313\Lib\site-packages\requests\sessions.py", line 703, in send
    r = adapter.send(request, **kwargs)
  File "C:\Users\user\AppData\Local\Programs\Python\Python313\Lib\site-packages\requests\adapters.py", line 713, in send
    raise ReadTimeout(e, request=request)
requests.exceptions.ReadTimeout: HTTPSConnectionPool(host='api.telegram.org', port=443): Read timed out. (read timeout=60)

2025-01-09 18:04:03,005 - __main__ - ERROR - Бот уже запущен. Удалите 'bot.lock', если это не так.
2025-01-09 18:04:15,817 - __main__ - INFO - Lock-файл создан
2025-01-09 18:04:15,817 - __main__ - ERROR - Ошибка при регистрации обработчиков: register_compatibility_handlers() missing 1 required positional argument: 'descriptions'
2025-01-09 18:04:15,818 - __main__ - CRITICAL - Критическая ошибка при запуске бота: register_compatibility_handlers() missing 1 required positional argument: 'descriptions'
2025-01-09 18:04:15,818 - __main__ - CRITICAL - Критическая ошибка: register_compatibility_handlers() missing 1 required positional argument: 'descriptions'
2025-01-09 18:04:15,818 - __main__ - INFO - Очищено 0 старых сессий
2025-01-09 18:04:15,827 - __main__ - INFO - Lock-файл очищен
2025-01-09 18:13:19,980 - __main__ - INFO - Lock-файл создан
2025-01-09 18:13:19,981 - __main__ - ERROR - Ошибка при регистрации обработчиков: register_compatibility_handlers() missing 1 required positional argument: 'descriptions'
2025-01-09 18:13:19,981 - __main__ - CRITICAL - Критическая ошибка при запуске бота: register_compatibility_handlers() missing 1 required positional argument: 'descriptions'
2025-01-09 18:13:19,981 - __main__ - CRITICAL - Критическая ошибка: register_compatibility_handlers() missing 1 required positional argument: 'descriptions'
2025-01-09 18:13:19,982 - __main__ - INFO - Очищено 0 старых сессий
2025-01-09 18:13:19,983 - __main__ - INFO - Lock-файл очищен
2025-01-09 18:15:34,598 - __main__ - INFO - Lock-файл создан
2025-01-09 18:15:34,599 - handlers.compatibility - INFO - Зарегистрирован обработчик: check_compatibility
2025-01-09 18:15:34,600 - __main__ - INFO - Обработчики команд успешно зарегистрированы
2025-01-09 18:15:34,600 - __main__ - INFO - Бот успешно запущен и готов к работе!
2025-01-09 18:15:34,600 - __main__ - INFO - Очищено 0 старых сессий
2025-01-09 18:15:45,179 - handlers.compatibility - INFO - Начата проверка совместимости для пользователя: 952754820
2025-01-09 18:15:53,063 - handlers.compatibility - INFO - Дата рождения пользователя 952754820 подтверждена: 1987-02-26 00:00:00
2025-01-09 18:15:58,688 - handlers.compatibility - INFO - Results sent to user 952754820
2025-01-09 18:16:20,095 - handlers.compatibility - INFO - Начата проверка совместимости для пользователя: 952754820
2025-01-09 18:16:28,516 - handlers.compatibility - INFO - Дата рождения пользователя 952754820 подтверждена: 1987-02-26 00:00:00
2025-01-09 18:16:36,073 - handlers.compatibility - INFO - Results sent to user 952754820
2025-01-09 18:21:23,664 - __main__ - ERROR - Бот уже запущен. Удалите 'bot.lock', если это не так.
2025-01-09 18:21:36,354 - __main__ - INFO - Lock-файл создан
2025-01-09 18:21:36,355 - handlers.compatibility - INFO - Зарегистрирован обработчик: check_compatibility
2025-01-09 18:21:36,356 - __main__ - INFO - Обработчики команд успешно зарегистрированы
2025-01-09 18:21:36,356 - __main__ - INFO - Бот успешно запущен и готов к работе!
2025-01-09 18:21:36,356 - __main__ - INFO - Очищено 0 старых сессий
2025-01-09 18:21:36,791 - handlers.compatibility - INFO - Начата проверка совместимости для пользователя: 952754820
2025-01-09 18:21:49,821 - handlers.compatibility - INFO - Дата рождения пользователя 952754820 подтверждена: 1987-02-26 00:00:00
2025-01-09 18:21:56,997 - handlers.compatibility - INFO - Results sent to user 952754820
2025-01-09 18:31:26,086 - __main__ - INFO - Lock-файл создан
2025-01-09 18:31:26,087 - handlers.compatibility - INFO - Зарегистрирован обработчик: check_compatibility
2025-01-09 18:31:26,087 - __main__ - INFO - Обработчики команд успешно зарегистрированы
2025-01-09 18:31:26,088 - __main__ - INFO - Бот успешно запущен и готов к работе!
2025-01-09 18:31:26,088 - __main__ - INFO - Очищено 0 старых сессий
2025-01-09 18:31:39,348 - handlers.compatibility - INFO - Начата проверка совместимости для пользователя: 952754820
2025-01-09 18:32:04,134 - handlers.compatibility - INFO - Дата рождения пользователя 952754820 подтверждена: 1987-02-26 00:00:00
2025-01-09 18:32:11,743 - handlers.compatibility - INFO - Results sent to user 952754820
2025-01-09 18:34:32,505 - __main__ - ERROR - Бот уже запущен. Удалите 'bot.lock', если это не так.
2025-01-09 18:35:32,746 - __main__ - INFO - Lock-файл создан
2025-01-09 18:35:32,747 - handlers.compatibility - INFO - Зарегистрирован обработчик: check_compatibility
2025-01-09 18:35:32,748 - __main__ - INFO - Обработчики команд успешно зарегистрированы
2025-01-09 18:35:32,748 - __main__ - INFO - Бот успешно запущен и готов к работе!
2025-01-09 18:35:32,749 - __main__ - INFO - Очищено 0 старых сессий
2025-01-09 18:44:36,284 - __main__ - INFO - Lock-файл создан
2025-01-09 18:44:36,286 - __main__ - ERROR - Ошибка при регистрации обработчиков: name 'start_compatibility_check' is not defined
2025-01-09 18:44:36,286 - __main__ - CRITICAL - Критическая ошибка при запуске бота: name 'start_compatibility_check' is not defined
2025-01-09 18:44:36,287 - __main__ - CRITICAL - Критическая ошибка: name 'start_compatibility_check' is not defined
2025-01-09 18:44:36,288 - __main__ - INFO - Очищено 0 старых сессий
2025-01-09 18:44:36,289 - __main__ - INFO - Lock-файл очищен
2025-01-09 19:04:40,529 - __main__ - INFO - Lock-файл создан
2025-01-09 19:04:40,531 - __main__ - ERROR - Ошибка при регистрации обработчиков: name 'start_compatibility_check' is not defined
2025-01-09 19:04:40,532 - __main__ - CRITICAL - Критическая ошибка при запуске бота: name 'start_compatibility_check' is not defined
2025-01-09 19:04:40,532 - __main__ - CRITICAL - Критическая ошибка: name 'start_compatibility_check' is not defined
2025-01-09 19:04:40,532 - __main__ - INFO - Очищено 0 старых сессий
2025-01-09 19:04:40,534 - __main__ - INFO - Lock-файл очищен
2025-01-09 22:47:00,151 - __main__ - INFO - Lock-файл создан
2025-01-09 22:47:00,152 - __main__ - ERROR - Ошибка при регистрации обработчиков: register_compatibility_handlers() missing 1 required positional argument: 'descriptions'
2025-01-09 22:47:00,152 - __main__ - CRITICAL - Критическая ошибка при запуске бота: register_compatibility_handlers() missing 1 required positional argument: 'descriptions'
2025-01-09 22:47:00,152 - __main__ - CRITICAL - Критическая ошибка: register_compatibility_handlers() missing 1 required positional argument: 'descriptions'
2025-01-09 22:47:00,153 - __main__ - INFO - Очищено 0 старых сессий
2025-01-09 22:47:00,153 - __main__ - INFO - Lock-файл очищен
2025-01-09 22:48:57,453 - __main__ - INFO - Lock-файл создан
2025-01-09 22:48:57,454 - handlers.compatibility - INFO - Зарегистрирован обработчик: check_compatibility
2025-01-09 22:48:57,454 - __main__ - INFO - Обработчики команд успешно зарегистрированы
2025-01-09 22:48:57,455 - __main__ - INFO - Бот успешно запущен и готов к работе!
2025-01-09 22:48:57,455 - __main__ - INFO - Очищено 0 старых сессий
2025-01-09 22:49:10,084 - handlers.compatibility - ERROR - Ошибка в process_first_date: 952754820
2025-01-09 22:49:21,003 - handlers.compatibility - ERROR - Ошибка в process_first_date: 952754820
2025-01-09 22:53:50,024 - __main__ - ERROR - Бот уже запущен. Удалите 'bot.lock', если это не так.
2025-01-09 22:53:59,500 - __main__ - INFO - Lock-файл создан
2025-01-09 22:53:59,501 - handlers.compatibility - INFO - Зарегистрирован обработчик: check_compatibility
2025-01-09 22:53:59,501 - handlers.compatibility - INFO - Зарегистрирован обработчик: use_saved_date
2025-01-09 22:53:59,501 - __main__ - INFO - Обработчики команд успешно зарегистрированы
2025-01-09 22:53:59,502 - __main__ - INFO - Бот успешно запущен и готов к работе!
2025-01-09 22:53:59,502 - __main__ - INFO - Очищено 0 старых сессий
2025-01-09 22:54:40,703 - handlers.compatibility - INFO - Results sent to user 952754820
2025-01-09 22:57:24,642 - __main__ - INFO - Lock-файл создан
2025-01-09 22:57:24,643 - handlers.compatibility - INFO - Зарегистрирован обработчик: check_compatibility
2025-01-09 22:57:24,643 - handlers.compatibility - INFO - Зарегистрирован обработчик: use_saved_date
2025-01-09 22:57:24,643 - __main__ - INFO - Обработчики команд успешно зарегистрированы
2025-01-09 22:57:24,644 - __main__ - INFO - Бот успешно запущен и готов к работе!
2025-01-09 22:57:24,644 - __main__ - INFO - Очищено 0 старых сессий
2025-01-09 22:57:51,614 - handlers.compatibility - INFO - Results sent to user 952754820
2025-01-09 22:58:18,835 - handlers.compatibility - INFO - Results sent to user 952754820
2025-01-09 22:59:58,145 - handlers.compatibility - INFO - Results sent to user 397614395
2025-01-09 23:00:57,245 - handlers.compatibility - INFO - Results sent to user 397614395
